dm-langserver 1.0.0  Copyright (C) 2017-2019  Tad Hardesty
This program comes with ABSOLUTELY NO WARRANTY. This is free software,
and you are welcome to redistribute it under the conditions of the GNU
General Public License version 3.

executable: Z:\Documents\Games\ss13\dm-langserver.exe
commit: fb133cb7c5ffff9a0c3dc192a34241007333d818
build date: 2019-07-03UTC
directory: Z:\Documents\Games\ss13\testenv
client capabilities: related_info: false, label_offset_support: false, object_tree: false
workspace root: file:///Z:/Documents/Games/ss13/testenv/
environment: Z:\Documents\Games\ss13\testenv\reuitestenv.dme
parsed 19/19 proc bodies (100%)
parsed in 0.145s
Error: invalid value: integer `-1`, expected u64
Notify NYI: workspace/didChangeWatchedFiles => Object({"changes": Array([Object({"type": Number(2), "uri": String("file:///Z:/Documents/Games/ss13/NodeHost/lsp/dm_dmm_dme_err_20190826.log")})])})
Notify NYI: workspace/didChangeWatchedFiles => Object({"changes": Array([Object({"type": Number(3), "uri": String("file:///Z:/Documents/Games/ss13/testenv/.idea")})])})
Notify NYI: workspace/didChangeWatchedFiles => Object({"changes": Array([Object({"type": Number(1), "uri": String("file:///Z:/Documents/Games/ss13/testenv/lsp")})])})
Notify NYI: workspace/didChangeWatchedFiles => Object({"changes": Array([Object({"type": Number(2), "uri": String("file:///Z:/Documents/Games/ss13/testenv/lsp/dm_dmm_dme_err_20190826.log")})])})
Notify NYI: workspace/didChangeWatchedFiles => Object({"changes": Array([Object({"type": Number(3), "uri": String("file:///Z:/Documents/Games/ss13/testenv/testenv.iml")})])})
Notify NYI: workspace/didChangeWatchedFiles => Object({"changes": Array([Object({"type": Number(3), "uri": String("file:///Z:/Documents/Games/ss13/NodeHost/.idea")})])})
Notify NYI: workspace/didChangeWatchedFiles => Object({"changes": Array([Object({"type": Number(3), "uri": String("file:///Z:/Documents/Games/ss13/NodeHost/nodehost.iml")})])})
Notify NYI: workspace/didChangeWatchedFiles => Object({"changes": Array([Object({"type": Number(2), "uri": String("file:///C:/Users/alex/.IntelliJIdea2019.1/system/httpFileSystem/catalog.json")})])})
Notify NYI: workspace/didChangeWatchedFiles => Object({"changes": Array([Object({"type": Number(3), "uri": String("file:///Z:/Documents/Games/ss13/BYONDLink/byondlink.iml")})])})
dm-langserver 1.0.0  Copyright (C) 2017-2019  Tad Hardesty
This program comes with ABSOLUTELY NO WARRANTY. This is free software,
and you are welcome to redistribute it under the conditions of the GNU
General Public License version 3.

executable: Z:\Documents\Games\ss13\dm-langserver.exe
commit: fb133cb7c5ffff9a0c3dc192a34241007333d818
build date: 2019-07-03UTC
directory: Z:\Documents\Games\ss13\testenv
client capabilities: related_info: false, label_offset_support: false, object_tree: false
workspace root: file:///Z:/Documents/Games/ss13/testenv/
environment: Z:\Documents\Games\ss13\testenv\reuitestenv.dme
parsed 19/19 proc bodies (100%)
parsed in 0.029s
Error: invalid value: integer `-1`, expected u64
Notify NYI: workspace/didChangeWatchedFiles => Object({"changes": Array([Object({"type": Number(2), "uri": String("file:///Z:/Documents/Games/ss13/testenv/lsp/dm_dmm_dme_err_20190826.log")})])})
Notify NYI: workspace/didChangeWatchedFiles => Object({"changes": Array([Object({"type": Number(2), "uri": String("file:///Z:/Documents/Games/ss13/testenv/lsp/dm_dmm_dme_err_20190826.log")})])})
Error: invalid value: integer `-1`, expected u64
Error: missing field `uri`
dm-langserver 1.0.0  Copyright (C) 2017-2019  Tad Hardesty
This program comes with ABSOLUTELY NO WARRANTY. This is free software,
and you are welcome to redistribute it under the conditions of the GNU
General Public License version 3.

executable: Z:\Documents\Games\ss13\dm-langserver.exe
commit: fb133cb7c5ffff9a0c3dc192a34241007333d818
build date: 2019-07-03UTC
directory: Z:\Documents\Games\ss13\testenv
client capabilities: related_info: false, label_offset_support: false, object_tree: false
workspace root: file:///Z:/Documents/Games/ss13/testenv/
environment: Z:\Documents\Games\ss13\testenv\reuitestenv.dme
parsed 19/19 proc bodies (100%)
parsed in 0.027s
Error: invalid value: integer `-1`, expected u64
Notify NYI: workspace/didChangeWatchedFiles => Object({"changes": Array([Object({"type": Number(2), "uri": String("file:///Z:/Documents/Games/ss13/testenv/lsp/dm_dmm_dme_err_20190826.log")})])})
